<?xml version="1.0" encoding="UTF-8"?>
<testsuite xmlns:xsi="http://www.w3.org/2001/XMLSchema-instance" xsi:noNamespaceSchemaLocation="https://maven.apache.org/surefire/maven-surefire-plugin/xsd/surefire-test-report-3.0.xsd" version="3.0" name="com.product.bdd.RunCucumberTest" time="1.391" tests="30" errors="0" skipped="0" failures="0">
  <properties>
[...]
</properties>
  <testcase name="AC1 (happy path) Thêm sản phẩm thành công" classname="admin quản lý hệ thống" time="0.448"/>
  <testcase name="AC1 (unhappy path) Thêm sản phẩm thất bại khi thiếu thông tin" classname="admin quản lý hệ thống" time="0.029"/>
  <testcase name="AC2 (happy path) Sửa sản phẩm thành công" classname="admin quản lý hệ thống" time="0.027"/>
  <testcase name="AC2 (unhappy path) Sửa sản phẩm thất bại" classname="admin quản lý hệ thống" time="0.01"/>
  <testcase name="AC3 (happy path) Xóa sản phẩm thành công" classname="admin quản lý hệ thống" time="0.013"/>
  <testcase name="AC3 (unhappy path) Xóa sản phẩm đang có trong đơn hàng" classname="admin quản lý hệ thống" time="0.028"/>
  <testcase name="AC4 (happy path) Quản lý danh mục thành công" classname="admin quản lý hệ thống" time="0.01"/>
  <testcase name="AC4 (unhappy path) Thêm danh mục bị trùng" classname="admin quản lý hệ thống" time="0.014"/>
  <testcase name="AC5 (happy path) Quản lý user thành công" classname="admin quản lý hệ thống" time="0.005"/>
  <testcase name="AC5 (unhappy path) Chỉnh sửa user không tồn tại" classname="admin quản lý hệ thống" time="0.009"/>
  <testcase name="AC5 (unhappy path) Xóa user đã có đơn hàng" classname="admin quản lý hệ thống" time="0.004"/>
  <testcase name="AC6 (happy path) Xem danh sách đơn hàng" classname="admin quản lý hệ thống" time="0.024"/>
  <testcase name="AC6 (unhappy path) Không có đơn hàng nào" classname="admin quản lý hệ thống" time="0.022"/>
  <testcase name="AC6 (happy path) Cập nhật số lượng mặt hàng trong đơn hàng" classname="admin quản lý hệ thống" time="0.004"/>
  <testcase name="AC7 (happy path) Thanh toán thành công khi có sản phẩm trong giỏ" classname="customer người dùng có tài khoản" time="0.008"/>
  <testcase name="AC7 (unhappy path) Thanh toán khi giỏ hàng trống" classname="customer người dùng có tài khoản" time="0.006"/>
  <testcase name="AC7 (unhappy path) Thanh toán khi chưa đăng nhập" classname="customer người dùng có tài khoản" time="0.007"/>
  <testcase name="AC1 (happy path) Xem danh sách sản phẩm" classname="guest người chưa có tài khoản" time="0.007"/>
  <testcase name="AC1 (unhappy path) Không có sản phẩm nào" classname="guest người chưa có tài khoản" time="0.007"/>
  <testcase name="AC2 (happy path) Xem chi tiết sản phẩm" classname="guest người chưa có tài khoản" time="0.013"/>
  <testcase name="AC2 (unhappy path) Xem chi tiết sản phẩm không tồn tại" classname="guest người chưa có tài khoản" time="0.005"/>
  <testcase name="AC3 (happy path) Thêm sản phẩm vào giỏ hàng" classname="guest người chưa có tài khoản" time="0.005"/>
  <testcase name="AC3 (unhappy path) Thêm sản phẩm không tồn tại vào giỏ" classname="guest người chưa có tài khoản" time="0.007"/>
  <testcase name="AC4 (happy path) Xem giỏ hàng có sản phẩm" classname="guest người chưa có tài khoản" time="0.007"/>
  <testcase name="AC4 (unhappy path) Xem giỏ hàng khi giỏ trống" classname="guest người chưa có tài khoản" time="0.009"/>
  <testcase name="AC5 (happy path) Cập nhật số lượng sản phẩm trong giỏ" classname="guest người chưa có tài khoản" time="0.006"/>
  <testcase name="AC5 (happy path) Xóa sản phẩm khỏi giỏ khi đặt số lượng bằng 0" classname="guest người chưa có tài khoản" time="0.003"/>
  <testcase name="AC6 (happy path) Đăng ký tài khoản thành công" classname="guest người chưa có tài khoản" time="0.004"/>
  <testcase name="AC6 (unhappy path) Đăng ký với email đã tồn tại" classname="guest người chưa có tài khoản" time="0.005"/>
  <testcase name="AC6 (unhappy path) Đăng ký với thông tin không hợp lệ" classname="guest người chưa có tài khoản" time="0.001"/>
</testsuite>