<?xml version="1.0" encoding="UTF-8"?>
<testsuite xmlns:xsi="http://www.w3.org/2001/XMLSchema-instance" xsi:noNamespaceSchemaLocation="https://maven.apache.org/surefire/maven-surefire-plugin/xsd/surefire-test-report-3.0.xsd" version="3.0" name="com.product.domain.productLoginTest" time="0.152" tests="4" errors="0" skipped="0" failures="0">
  <properties>
[...]
</properties>
  <testcase name="productHasCorrectName" classname="com.product.domain.productLoginTest" time="0.085"/>
  <testcase name="customerEmailIsStored" classname="com.product.domain.productLoginTest" time="0.001"/>
  <testcase name="productHasCorrectPrice" classname="com.product.domain.productLoginTest" time="0.002"/>
  <testcase name="customerDefaultHasNoOrder" classname="com.product.domain.productLoginTest" time="0.002"/>
</testsuite>